# vsim -vopt work.tb_alu -l simulation.log -coverage -c -do "coverage save -onexit -codeAll alu.ucdb; run -all; exit" 
# Start time: 21:08:48 on May 11,2026
# ** Note: (vsim-3813) Design is being optimized due to module recompilation...
# //  Questa Sim
# //  Version 10.6c linux Jul 25 2017
# //
# //  Copyright 1991-2017 Mentor Graphics Corporation
# //  All Rights Reserved.
# //
# //  QuestaSim and its associated documentation contain trade
# //  secrets and commercial or financial information that are the property of
# //  Mentor Graphics Corporation and are privileged, confidential,
# //  and exempt from disclosure under the Freedom of Information Act,
# //  5 U.S.C. Section 552. Furthermore, this information
# //  is prohibited from disclosure under the Trade Secrets Act,
# //  18 U.S.C. Section 1905.
# //
# Loading work.tb_alu(fast)
# Loading work.ALU(fast)
# coverage save -onexit -codeAll alu.ucdb
#  run -all
# --- STARTING TESTS ---
# --------------------------------------------------
# TIME       = 36000
# MODE       = 1
# CMD        = 0
# OPA        = 2
# OPB        = 2
# CIN        = 0
# INP_VALID  = 11
# CE         = 1
# RST        = 0
# RESULTS:
# RES        = 4
# ERR        = 0
# COUT       = 0
# OFLOW      = 0
# G          = 0
# L          = 0
# E          = 0
# --------------------------------------------------
# 
# --------------------------------------------------
# TIME       = 56000
# MODE       = 1
# CMD        = 0
# OPA        = 0
# OPB        = 0
# CIN        = 0
# INP_VALID  = 11
# CE         = 1
# RST        = 0
# RESULTS:
# RES        = 0
# ERR        = 0
# COUT       = 0
# OFLOW      = 0
# G          = 0
# L          = 0
# E          = 0
# --------------------------------------------------
# 
# --------------------------------------------------
# TIME       = 76000
# MODE       = 1
# CMD        = 0
# OPA        = 255
# OPB        = 255
# CIN        = 0
# INP_VALID  = 11
# CE         = 1
# RST        = 0
# RESULTS:
# RES        = 510
# ERR        = 0
# COUT       = 1
# OFLOW      = 0
# G          = 0
# L          = 0
# E          = 0
# --------------------------------------------------
# 
# --------------------------------------------------
# TIME       = 96000
# MODE       = 1
# CMD        = 0
# OPA        = 2
# OPB        = 2
# CIN        = 0
# INP_VALID  = 11
# CE         = 1
# RST        = 0
# RESULTS:
# RES        = 4
# ERR        = 0
# COUT       = 0
# OFLOW      = 0
# G          = 0
# L          = 0
# E          = 0
# --------------------------------------------------
# 
# --------------------------------------------------
# TIME       = 116000
# MODE       = 1
# CMD        = 0
# OPA        = 2
# OPB        = 2
# CIN        = 0
# INP_VALID  = 10
# CE         = 1
# RST        = 0
# RESULTS:
# RES        = 4
# ERR        = 1
# COUT       = 0
# OFLOW      = 0
# G          = 0
# L          = 0
# E          = 0
# --------------------------------------------------
# 
# --------------------------------------------------
# TIME       = 136000
# MODE       = 1
# CMD        = 0
# OPA        = 2
# OPB        = 2
# CIN        = 0
# INP_VALID  = 01
# CE         = 1
# RST        = 0
# RESULTS:
# RES        = 4
# ERR        = 1
# COUT       = 0
# OFLOW      = 0
# G          = 0
# L          = 0
# E          = 0
# --------------------------------------------------
# 
# --------------------------------------------------
# TIME       = 156000
# MODE       = 1
# CMD        = 1
# OPA        = 3
# OPB        = 2
# CIN        = 0
# INP_VALID  = 11
# CE         = 1
# RST        = 0
# RESULTS:
# RES        = 1
# ERR        = 0
# COUT       = 0
# OFLOW      = 0
# G          = 0
# L          = 0
# E          = 0
# --------------------------------------------------
# 
# --------------------------------------------------
# TIME       = 176000
# MODE       = 1
# CMD        = 1
# OPA        = 0
# OPB        = 0
# CIN        = 0
# INP_VALID  = 11
# CE         = 1
# RST        = 0
# RESULTS:
# RES        = 0
# ERR        = 0
# COUT       = 0
# OFLOW      = 0
# G          = 0
# L          = 0
# E          = 0
# --------------------------------------------------
# 
# --------------------------------------------------
# TIME       = 196000
# MODE       = 1
# CMD        = 1
# OPA        = 255
# OPB        = 255
# CIN        = 0
# INP_VALID  = 11
# CE         = 1
# RST        = 0
# RESULTS:
# RES        = 0
# ERR        = 0
# COUT       = 0
# OFLOW      = 0
# G          = 0
# L          = 0
# E          = 0
# --------------------------------------------------
# 
# --------------------------------------------------
# TIME       = 216000
# MODE       = 1
# CMD        = 1
# OPA        = 2
# OPB        = 8
# CIN        = 0
# INP_VALID  = 11
# CE         = 1
# RST        = 0
# RESULTS:
# RES        = 65530
# ERR        = 0
# COUT       = 0
# OFLOW      = 1
# G          = 0
# L          = 0
# E          = 0
# --------------------------------------------------
# 
# --------------------------------------------------
# TIME       = 236000
# MODE       = 1
# CMD        = 1
# OPA        = 2
# OPB        = 8
# CIN        = 0
# INP_VALID  = 01
# CE         = 1
# RST        = 0
# RESULTS:
# RES        = 65530
# ERR        = 1
# COUT       = 0
# OFLOW      = 0
# G          = 0
# L          = 0
# E          = 0
# --------------------------------------------------
# 
# --------------------------------------------------
# TIME       = 256000
# MODE       = 1
# CMD        = 1
# OPA        = 2
# OPB        = 8
# CIN        = 0
# INP_VALID  = 10
# CE         = 1
# RST        = 0
# RESULTS:
# RES        = 65530
# ERR        = 1
# COUT       = 0
# OFLOW      = 0
# G          = 0
# L          = 0
# E          = 0
# --------------------------------------------------
# 
# --------------------------------------------------
# TIME       = 276000
# MODE       = 1
# CMD        = 3
# OPA        = 3
# OPB        = 2
# CIN        = 1
# INP_VALID  = 11
# CE         = 1
# RST        = 0
# RESULTS:
# RES        = 0
# ERR        = 0
# COUT       = 0
# OFLOW      = 0
# G          = 0
# L          = 0
# E          = 0
# --------------------------------------------------
# 
# --------------------------------------------------
# TIME       = 296000
# MODE       = 1
# CMD        = 3
# OPA        = 0
# OPB        = 0
# CIN        = 1
# INP_VALID  = 11
# CE         = 1
# RST        = 0
# RESULTS:
# RES        = 65535
# ERR        = 0
# COUT       = 0
# OFLOW      = 1
# G          = 0
# L          = 0
# E          = 0
# --------------------------------------------------
# 
# --------------------------------------------------
# TIME       = 316000
# MODE       = 1
# CMD        = 3
# OPA        = 255
# OPB        = 255
# CIN        = 0
# INP_VALID  = 11
# CE         = 1
# RST        = 0
# RESULTS:
# RES        = 0
# ERR        = 0
# COUT       = 0
# OFLOW      = 0
# G          = 0
# L          = 0
# E          = 0
# --------------------------------------------------
# 
# --------------------------------------------------
# TIME       = 336000
# MODE       = 1
# CMD        = 3
# OPA        = 2
# OPB        = 8
# CIN        = 0
# INP_VALID  = 11
# CE         = 1
# RST        = 0
# RESULTS:
# RES        = 65530
# ERR        = 0
# COUT       = 0
# OFLOW      = 1
# G          = 0
# L          = 0
# E          = 0
# --------------------------------------------------
# 
# --------------------------------------------------
# TIME       = 356000
# MODE       = 1
# CMD        = 3
# OPA        = 2
# OPB        = 8
# CIN        = 0
# INP_VALID  = 01
# CE         = 1
# RST        = 0
# RESULTS:
# RES        = 65530
# ERR        = 1
# COUT       = 0
# OFLOW      = 0
# G          = 0
# L          = 0
# E          = 0
# --------------------------------------------------
# 
# --------------------------------------------------
# TIME       = 376000
# MODE       = 1
# CMD        = 3
# OPA        = 2
# OPB        = 8
# CIN        = 0
# INP_VALID  = 10
# CE         = 1
# RST        = 0
# RESULTS:
# RES        = 65530
# ERR        = 1
# COUT       = 0
# OFLOW      = 0
# G          = 0
# L          = 0
# E          = 0
# --------------------------------------------------
# 
# --------------------------------------------------
# TIME       = 396000
# MODE       = 1
# CMD        = 2
# OPA        = 3
# OPB        = 2
# CIN        = 1
# INP_VALID  = 11
# CE         = 1
# RST        = 0
# RESULTS:
# RES        = 6
# ERR        = 0
# COUT       = 0
# OFLOW      = 0
# G          = 0
# L          = 0
# E          = 0
# --------------------------------------------------
# 
# --------------------------------------------------
# TIME       = 416000
# MODE       = 1
# CMD        = 2
# OPA        = 0
# OPB        = 0
# CIN        = 1
# INP_VALID  = 11
# CE         = 1
# RST        = 0
# RESULTS:
# RES        = 1
# ERR        = 0
# COUT       = 0
# OFLOW      = 0
# G          = 0
# L          = 0
# E          = 0
# --------------------------------------------------
# 
# --------------------------------------------------
# TIME       = 436000
# MODE       = 1
# CMD        = 2
# OPA        = 255
# OPB        = 255
# CIN        = 1
# INP_VALID  = 11
# CE         = 1
# RST        = 0
# RESULTS:
# RES        = 511
# ERR        = 0
# COUT       = 1
# OFLOW      = 0
# G          = 0
# L          = 0
# E          = 0
# --------------------------------------------------
# 
# --------------------------------------------------
# TIME       = 456000
# MODE       = 1
# CMD        = 2
# OPA        = 2
# OPB        = 8
# CIN        = 1
# INP_VALID  = 11
# CE         = 1
# RST        = 0
# RESULTS:
# RES        = 11
# ERR        = 0
# COUT       = 0
# OFLOW      = 0
# G          = 0
# L          = 0
# E          = 0
# --------------------------------------------------
# 
# --------------------------------------------------
# TIME       = 476000
# MODE       = 1
# CMD        = 2
# OPA        = 253
# OPB        = 1
# CIN        = 1
# INP_VALID  = 10
# CE         = 1
# RST        = 0
# RESULTS:
# RES        = 11
# ERR        = 1
# COUT       = 0
# OFLOW      = 0
# G          = 0
# L          = 0
# E          = 0
# --------------------------------------------------
# 
# --------------------------------------------------
# TIME       = 496000
# MODE       = 1
# CMD        = 2
# OPA        = 253
# OPB        = 1
# CIN        = 1
# INP_VALID  = 01
# CE         = 1
# RST        = 0
# RESULTS:
# RES        = 11
# ERR        = 1
# COUT       = 0
# OFLOW      = 0
# G          = 0
# L          = 0
# E          = 0
# --------------------------------------------------
# 
# --------------------------------------------------
# TIME       = 516000
# MODE       = 1
# CMD        = 4
# OPA        = 10
# OPB        = 0
# CIN        = 0
# INP_VALID  = 11
# CE         = 1
# RST        = 0
# RESULTS:
# RES        = 11
# ERR        = 0
# COUT       = 0
# OFLOW      = 0
# G          = 0
# L          = 0
# E          = 0
# --------------------------------------------------
# 
# --------------------------------------------------
# TIME       = 536000
# MODE       = 1
# CMD        = 4
# OPA        = 0
# OPB        = 0
# CIN        = 0
# INP_VALID  = 11
# CE         = 1
# RST        = 0
# RESULTS:
# RES        = 1
# ERR        = 0
# COUT       = 0
# OFLOW      = 0
# G          = 0
# L          = 0
# E          = 0
# --------------------------------------------------
# 
# --------------------------------------------------
# TIME       = 556000
# MODE       = 1
# CMD        = 4
# OPA        = 255
# OPB        = 0
# CIN        = 0
# INP_VALID  = 11
# CE         = 1
# RST        = 0
# RESULTS:
# RES        = 256
# ERR        = 0
# COUT       = 0
# OFLOW      = 0
# G          = 0
# L          = 0
# E          = 0
# --------------------------------------------------
# 
# --------------------------------------------------
# TIME       = 576000
# MODE       = 1
# CMD        = 5
# OPA        = 10
# OPB        = 0
# CIN        = 0
# INP_VALID  = 11
# CE         = 1
# RST        = 0
# RESULTS:
# RES        = 9
# ERR        = 0
# COUT       = 0
# OFLOW      = 0
# G          = 0
# L          = 0
# E          = 0
# --------------------------------------------------
# 
# --------------------------------------------------
# TIME       = 596000
# MODE       = 1
# CMD        = 5
# OPA        = 0
# OPB        = 0
# CIN        = 0
# INP_VALID  = 11
# CE         = 1
# RST        = 0
# RESULTS:
# RES        = 65535
# ERR        = 0
# COUT       = 0
# OFLOW      = 0
# G          = 0
# L          = 0
# E          = 0
# --------------------------------------------------
# 
# --------------------------------------------------
# TIME       = 616000
# MODE       = 1
# CMD        = 6
# OPA        = 0
# OPB        = 15
# CIN        = 0
# INP_VALID  = 11
# CE         = 1
# RST        = 0
# RESULTS:
# RES        = 16
# ERR        = 0
# COUT       = 0
# OFLOW      = 0
# G          = 0
# L          = 0
# E          = 0
# --------------------------------------------------
# 
# --------------------------------------------------
# TIME       = 636000
# MODE       = 1
# CMD        = 7
# OPA        = 0
# OPB        = 15
# CIN        = 0
# INP_VALID  = 11
# CE         = 1
# RST        = 0
# RESULTS:
# RES        = 14
# ERR        = 0
# COUT       = 0
# OFLOW      = 0
# G          = 0
# L          = 0
# E          = 0
# --------------------------------------------------
# 
# --------------------------------------------------
# TIME       = 656000
# MODE       = 1
# CMD        = 8
# OPA        = 10
# OPB        = 15
# CIN        = 0
# INP_VALID  = 11
# CE         = 1
# RST        = 0
# RESULTS:
# RES        = 14
# ERR        = 0
# COUT       = 0
# OFLOW      = 0
# G          = 0
# L          = 1
# E          = 0
# --------------------------------------------------
# 
# --------------------------------------------------
# TIME       = 686000
# MODE       = 1
# CMD        = 9
# OPA        = 5
# OPB        = 4
# CIN        = 0
# INP_VALID  = 11
# CE         = 1
# RST        = 0
# RESULTS:
# RES        = 30
# ERR        = 0
# COUT       = 0
# OFLOW      = 0
# G          = 0
# L          = 0
# E          = 0
# --------------------------------------------------
# 
# --------------------------------------------------
# TIME       = 716000
# MODE       = 1
# CMD        = 10
# OPA        = 20
# OPB        = 4
# CIN        = 0
# INP_VALID  = 11
# CE         = 1
# RST        = 0
# RESULTS:
# RES        = 160
# ERR        = 0
# COUT       = 0
# OFLOW      = 0
# G          = 0
# L          = 0
# E          = 0
# --------------------------------------------------
# 
# --------------------------------------------------
# TIME       = 736000
# MODE       = 1
# CMD        = 11
# OPA        = 10
# OPB        = 5
# CIN        = 0
# INP_VALID  = 11
# CE         = 1
# RST        = 0
# RESULTS:
# RES        = 15
# ERR        = 0
# COUT       = 0
# OFLOW      = 0
# G          = 1
# L          = 0
# E          = 0
# --------------------------------------------------
# 
# --------------------------------------------------
# TIME       = 756000
# MODE       = 1
# CMD        = 12
# OPA        = 10
# OPB        = 5
# CIN        = 0
# INP_VALID  = 11
# CE         = 1
# RST        = 0
# RESULTS:
# RES        = 5
# ERR        = 0
# COUT       = 0
# OFLOW      = 0
# G          = 1
# L          = 0
# E          = 0
# --------------------------------------------------
# 
# --------------------------------------------------
# TIME       = 776000
# MODE       = 0
# CMD        = 0
# OPA        = 170
# OPB        = 85
# CIN        = 0
# INP_VALID  = 11
# CE         = 1
# RST        = 0
# RESULTS:
# RES        = 0
# ERR        = 0
# COUT       = 0
# OFLOW      = 0
# G          = 0
# L          = 0
# E          = 0
# --------------------------------------------------
# 
# --------------------------------------------------
# TIME       = 796000
# MODE       = 0
# CMD        = 1
# OPA        = 170
# OPB        = 85
# CIN        = 0
# INP_VALID  = 11
# CE         = 1
# RST        = 0
# RESULTS:
# RES        = 65535
# ERR        = 0
# COUT       = 0
# OFLOW      = 0
# G          = 0
# L          = 0
# E          = 0
# --------------------------------------------------
# 
# --------------------------------------------------
# TIME       = 816000
# MODE       = 0
# CMD        = 2
# OPA        = 170
# OPB        = 85
# CIN        = 0
# INP_VALID  = 11
# CE         = 1
# RST        = 0
# RESULTS:
# RES        = 255
# ERR        = 0
# COUT       = 0
# OFLOW      = 0
# G          = 0
# L          = 0
# E          = 0
# --------------------------------------------------
# 
# --------------------------------------------------
# TIME       = 836000
# MODE       = 0
# CMD        = 3
# OPA        = 170
# OPB        = 85
# CIN        = 0
# INP_VALID  = 11
# CE         = 1
# RST        = 0
# RESULTS:
# RES        = 65280
# ERR        = 0
# COUT       = 0
# OFLOW      = 0
# G          = 0
# L          = 0
# E          = 0
# --------------------------------------------------
# 
# --------------------------------------------------
# TIME       = 856000
# MODE       = 0
# CMD        = 4
# OPA        = 170
# OPB        = 85
# CIN        = 0
# INP_VALID  = 11
# CE         = 1
# RST        = 0
# RESULTS:
# RES        = 255
# ERR        = 0
# COUT       = 0
# OFLOW      = 0
# G          = 0
# L          = 0
# E          = 0
# --------------------------------------------------
# 
# --------------------------------------------------
# TIME       = 876000
# MODE       = 0
# CMD        = 5
# OPA        = 170
# OPB        = 85
# CIN        = 0
# INP_VALID  = 11
# CE         = 1
# RST        = 0
# RESULTS:
# RES        = 65280
# ERR        = 0
# COUT       = 0
# OFLOW      = 0
# G          = 0
# L          = 0
# E          = 0
# --------------------------------------------------
# 
# --------------------------------------------------
# TIME       = 896000
# MODE       = 0
# CMD        = 6
# OPA        = 170
# OPB        = 0
# CIN        = 0
# INP_VALID  = 11
# CE         = 1
# RST        = 0
# RESULTS:
# RES        = 65365
# ERR        = 0
# COUT       = 0
# OFLOW      = 0
# G          = 0
# L          = 0
# E          = 0
# --------------------------------------------------
# 
# --------------------------------------------------
# TIME       = 916000
# MODE       = 0
# CMD        = 7
# OPA        = 0
# OPB        = 85
# CIN        = 0
# INP_VALID  = 11
# CE         = 1
# RST        = 0
# RESULTS:
# RES        = 65450
# ERR        = 0
# COUT       = 0
# OFLOW      = 0
# G          = 0
# L          = 0
# E          = 0
# --------------------------------------------------
# 
# --------------------------------------------------
# TIME       = 936000
# MODE       = 0
# CMD        = 8
# OPA        = 20
# OPB        = 10
# CIN        = 0
# INP_VALID  = 11
# CE         = 1
# RST        = 0
# RESULTS:
# RES        = 10
# ERR        = 0
# COUT       = 0
# OFLOW      = 0
# G          = 0
# L          = 0
# E          = 0
# --------------------------------------------------
# 
# --------------------------------------------------
# TIME       = 956000
# MODE       = 0
# CMD        = 9
# OPA        = 20
# OPB        = 10
# CIN        = 0
# INP_VALID  = 11
# CE         = 1
# RST        = 0
# RESULTS:
# RES        = 40
# ERR        = 0
# COUT       = 0
# OFLOW      = 0
# G          = 0
# L          = 0
# E          = 0
# --------------------------------------------------
# 
# --------------------------------------------------
# TIME       = 976000
# MODE       = 0
# CMD        = 10
# OPA        = 20
# OPB        = 10
# CIN        = 0
# INP_VALID  = 11
# CE         = 1
# RST        = 0
# RESULTS:
# RES        = 5
# ERR        = 0
# COUT       = 0
# OFLOW      = 0
# G          = 0
# L          = 0
# E          = 0
# --------------------------------------------------
# 
# --------------------------------------------------
# TIME       = 996000
# MODE       = 0
# CMD        = 11
# OPA        = 10
# OPB        = 5
# CIN        = 0
# INP_VALID  = 11
# CE         = 1
# RST        = 0
# RESULTS:
# RES        = 10
# ERR        = 0
# COUT       = 0
# OFLOW      = 0
# G          = 0
# L          = 0
# E          = 0
# --------------------------------------------------
# 
# --------------------------------------------------
# TIME       = 1016000
# MODE       = 0
# CMD        = 12
# OPA        = 179
# OPB        = 1
# CIN        = 0
# INP_VALID  = 11
# CE         = 1
# RST        = 0
# RESULTS:
# RES        = 103
# ERR        = 0
# COUT       = 0
# OFLOW      = 0
# G          = 0
# L          = 0
# E          = 0
# --------------------------------------------------
# 
# --------------------------------------------------
# TIME       = 1036000
# MODE       = 0
# CMD        = 13
# OPA        = 1
# OPB        = 1
# CIN        = 0
# INP_VALID  = 11
# CE         = 1
# RST        = 0
# RESULTS:
# RES        = 128
# ERR        = 0
# COUT       = 0
# OFLOW      = 0
# G          = 0
# L          = 0
# E          = 0
# --------------------------------------------------
# 
# --------------------------------------------------
# TIME       = 1042000
# MODE       = 0
# CMD        = 13
# OPA        = 179
# OPB        = 2
# CIN        = 0
# INP_VALID  = 10
# CE         = 0
# RST        = 0
# RESULTS:
# RES        = 128
# ERR        = 0
# COUT       = 0
# OFLOW      = 0
# G          = 0
# L          = 0
# E          = 0
# --------------------------------------------------
# 
# --------------------------------------------------
# TIME       = 1052000
# MODE       = 0
# CMD        = 13
# OPA        = 179
# OPB        = 2
# CIN        = 0
# INP_VALID  = 10
# CE         = 1
# RST        = 1
# RESULTS:
# RES        = 0
# ERR        = 0
# COUT       = 0
# OFLOW      = 0
# G          = 0
# L          = 0
# E          = 0
# --------------------------------------------------
# 
# --------------------------------------------------
# TIME       = 1076000
# MODE       = 1
# CMD        = 4
# OPA        = 25
# OPB        = 10
# CIN        = 0
# INP_VALID  = 00
# CE         = 1
# RST        = 0
# RESULTS:
# RES        = 0
# ERR        = 1
# COUT       = 0
# OFLOW      = 0
# G          = 0
# L          = 0
# E          = 0
# --------------------------------------------------
# 
# --------------------------------------------------
# TIME       = 1096000
# MODE       = 1
# CMD        = 5
# OPA        = 25
# OPB        = 10
# CIN        = 0
# INP_VALID  = 00
# CE         = 1
# RST        = 0
# RESULTS:
# RES        = 0
# ERR        = 1
# COUT       = 0
# OFLOW      = 0
# G          = 0
# L          = 0
# E          = 0
# --------------------------------------------------
# 
# --------------------------------------------------
# TIME       = 1116000
# MODE       = 1
# CMD        = 6
# OPA        = 25
# OPB        = 10
# CIN        = 0
# INP_VALID  = 00
# CE         = 1
# RST        = 0
# RESULTS:
# RES        = 0
# ERR        = 1
# COUT       = 0
# OFLOW      = 0
# G          = 0
# L          = 0
# E          = 0
# --------------------------------------------------
# 
# --------------------------------------------------
# TIME       = 1136000
# MODE       = 1
# CMD        = 7
# OPA        = 25
# OPB        = 10
# CIN        = 0
# INP_VALID  = 00
# CE         = 1
# RST        = 0
# RESULTS:
# RES        = 0
# ERR        = 1
# COUT       = 0
# OFLOW      = 0
# G          = 0
# L          = 0
# E          = 0
# --------------------------------------------------
# 
# --------------------------------------------------
# TIME       = 1156000
# MODE       = 1
# CMD        = 8
# OPA        = 25
# OPB        = 10
# CIN        = 0
# INP_VALID  = 00
# CE         = 1
# RST        = 0
# RESULTS:
# RES        = 0
# ERR        = 1
# COUT       = 0
# OFLOW      = 0
# G          = 0
# L          = 0
# E          = 0
# --------------------------------------------------
# 
# --------------------------------------------------
# TIME       = 1166000
# MODE       = 1
# CMD        = 9
# OPA        = 7
# OPB        = 3
# CIN        = 0
# INP_VALID  = 11
# CE         = 1
# RST        = 0
# RESULTS:
# RES        = 0
# ERR        = 0
# COUT       = 0
# OFLOW      = 0
# G          = 0
# L          = 0
# E          = 0
# --------------------------------------------------
# 
# --------------------------------------------------
# TIME       = 1176000
# MODE       = 1
# CMD        = 10
# OPA        = 12
# OPB        = 5
# CIN        = 0
# INP_VALID  = 11
# CE         = 1
# RST        = 0
# RESULTS:
# RES        = 0
# ERR        = 0
# COUT       = 0
# OFLOW      = 0
# G          = 0
# L          = 0
# E          = 0
# --------------------------------------------------
# 
# --------------------------------------------------
# TIME       = 1196000
# MODE       = 1
# CMD        = 11
# OPA        = 127
# OPB        = 1
# CIN        = 0
# INP_VALID  = 11
# CE         = 1
# RST        = 0
# RESULTS:
# RES        = 128
# ERR        = 0
# COUT       = 0
# OFLOW      = 1
# G          = 1
# L          = 0
# E          = 0
# --------------------------------------------------
# 
# --------------------------------------------------
# TIME       = 1216000
# MODE       = 1
# CMD        = 12
# OPA        = 128
# OPB        = 1
# CIN        = 0
# INP_VALID  = 11
# CE         = 1
# RST        = 0
# RESULTS:
# RES        = 65407
# ERR        = 0
# COUT       = 0
# OFLOW      = 1
# G          = 0
# L          = 1
# E          = 0
# --------------------------------------------------
# 
# --------------------------------------------------
# TIME       = 1236000
# MODE       = 0
# CMD        = 0
# OPA        = 55
# OPB        = 22
# CIN        = 0
# INP_VALID  = 00
# CE         = 1
# RST        = 0
# RESULTS:
# RES        = 65407
# ERR        = 1
# COUT       = 0
# OFLOW      = 0
# G          = 0
# L          = 0
# E          = 0
# --------------------------------------------------
# 
# --------------------------------------------------
# TIME       = 1256000
# MODE       = 0
# CMD        = 1
# OPA        = 55
# OPB        = 22
# CIN        = 0
# INP_VALID  = 00
# CE         = 1
# RST        = 0
# RESULTS:
# RES        = 65407
# ERR        = 1
# COUT       = 0
# OFLOW      = 0
# G          = 0
# L          = 0
# E          = 0
# --------------------------------------------------
# 
# --------------------------------------------------
# TIME       = 1276000
# MODE       = 0
# CMD        = 2
# OPA        = 55
# OPB        = 22
# CIN        = 0
# INP_VALID  = 00
# CE         = 1
# RST        = 0
# RESULTS:
# RES        = 65407
# ERR        = 1
# COUT       = 0
# OFLOW      = 0
# G          = 0
# L          = 0
# E          = 0
# --------------------------------------------------
# 
# --------------------------------------------------
# TIME       = 1296000
# MODE       = 0
# CMD        = 3
# OPA        = 55
# OPB        = 22
# CIN        = 0
# INP_VALID  = 00
# CE         = 1
# RST        = 0
# RESULTS:
# RES        = 65407
# ERR        = 1
# COUT       = 0
# OFLOW      = 0
# G          = 0
# L          = 0
# E          = 0
# --------------------------------------------------
# 
# --------------------------------------------------
# TIME       = 1316000
# MODE       = 0
# CMD        = 4
# OPA        = 55
# OPB        = 22
# CIN        = 0
# INP_VALID  = 00
# CE         = 1
# RST        = 0
# RESULTS:
# RES        = 65407
# ERR        = 1
# COUT       = 0
# OFLOW      = 0
# G          = 0
# L          = 0
# E          = 0
# --------------------------------------------------
# 
# --------------------------------------------------
# TIME       = 1336000
# MODE       = 0
# CMD        = 5
# OPA        = 55
# OPB        = 22
# CIN        = 0
# INP_VALID  = 00
# CE         = 1
# RST        = 0
# RESULTS:
# RES        = 65407
# ERR        = 1
# COUT       = 0
# OFLOW      = 0
# G          = 0
# L          = 0
# E          = 0
# --------------------------------------------------
# 
# --------------------------------------------------
# TIME       = 1356000
# MODE       = 0
# CMD        = 6
# OPA        = 55
# OPB        = 22
# CIN        = 0
# INP_VALID  = 00
# CE         = 1
# RST        = 0
# RESULTS:
# RES        = 65407
# ERR        = 1
# COUT       = 0
# OFLOW      = 0
# G          = 0
# L          = 0
# E          = 0
# --------------------------------------------------
# 
# --------------------------------------------------
# TIME       = 1376000
# MODE       = 0
# CMD        = 7
# OPA        = 55
# OPB        = 22
# CIN        = 0
# INP_VALID  = 00
# CE         = 1
# RST        = 0
# RESULTS:
# RES        = 65407
# ERR        = 1
# COUT       = 0
# OFLOW      = 0
# G          = 0
# L          = 0
# E          = 0
# --------------------------------------------------
# 
# --------------------------------------------------
# TIME       = 1396000
# MODE       = 0
# CMD        = 8
# OPA        = 55
# OPB        = 22
# CIN        = 0
# INP_VALID  = 00
# CE         = 1
# RST        = 0
# RESULTS:
# RES        = 65407
# ERR        = 1
# COUT       = 0
# OFLOW      = 0
# G          = 0
# L          = 0
# E          = 0
# --------------------------------------------------
# 
# --------------------------------------------------
# TIME       = 1416000
# MODE       = 0
# CMD        = 9
# OPA        = 55
# OPB        = 22
# CIN        = 0
# INP_VALID  = 00
# CE         = 1
# RST        = 0
# RESULTS:
# RES        = 65407
# ERR        = 1
# COUT       = 0
# OFLOW      = 0
# G          = 0
# L          = 0
# E          = 0
# --------------------------------------------------
# 
# --------------------------------------------------
# TIME       = 1436000
# MODE       = 0
# CMD        = 10
# OPA        = 55
# OPB        = 22
# CIN        = 0
# INP_VALID  = 00
# CE         = 1
# RST        = 0
# RESULTS:
# RES        = 65407
# ERR        = 1
# COUT       = 0
# OFLOW      = 0
# G          = 0
# L          = 0
# E          = 0
# --------------------------------------------------
# 
# --------------------------------------------------
# TIME       = 1456000
# MODE       = 0
# CMD        = 11
# OPA        = 55
# OPB        = 22
# CIN        = 0
# INP_VALID  = 00
# CE         = 1
# RST        = 0
# RESULTS:
# RES        = 65407
# ERR        = 1
# COUT       = 0
# OFLOW      = 0
# G          = 0
# L          = 0
# E          = 0
# --------------------------------------------------
# 
# --------------------------------------------------
# TIME       = 1476000
# MODE       = 0
# CMD        = 12
# OPA        = 204
# OPB        = 16
# CIN        = 0
# INP_VALID  = 11
# CE         = 1
# RST        = 0
# RESULTS:
# RES        = 204
# ERR        = 1
# COUT       = 0
# OFLOW      = 0
# G          = 0
# L          = 0
# E          = 0
# --------------------------------------------------
# 
# --------------------------------------------------
# TIME       = 1496000
# MODE       = 0
# CMD        = 13
# OPA        = 204
# OPB        = 16
# CIN        = 0
# INP_VALID  = 11
# CE         = 1
# RST        = 0
# RESULTS:
# RES        = 204
# ERR        = 1
# COUT       = 0
# OFLOW      = 0
# G          = 0
# L          = 0
# E          = 0
# --------------------------------------------------
# 
# --------------------------------------------------
# TIME       = 1516000
# MODE       = 0
# CMD        = 12
# OPA        = 204
# OPB        = 3
# CIN        = 0
# INP_VALID  = 11
# CE         = 1
# RST        = 0
# RESULTS:
# RES        = 102
# ERR        = 0
# COUT       = 0
# OFLOW      = 0
# G          = 0
# L          = 0
# E          = 0
# --------------------------------------------------
# 
# --------------------------------------------------
# TIME       = 1536000
# MODE       = 0
# CMD        = 13
# OPA        = 204
# OPB        = 3
# CIN        = 0
# INP_VALID  = 11
# CE         = 1
# RST        = 0
# RESULTS:
# RES        = 153
# ERR        = 0
# COUT       = 0
# OFLOW      = 0
# G          = 0
# L          = 0
# E          = 0
# --------------------------------------------------
# 
# --------------------------------------------------
# TIME       = 1556000
# MODE       = 1
# CMD        = 11
# OPA        = 50
# OPB        = 50
# CIN        = 0
# INP_VALID  = 11
# CE         = 1
# RST        = 0
# RESULTS:
# RES        = 100
# ERR        = 0
# COUT       = 0
# OFLOW      = 0
# G          = 0
# L          = 0
# E          = 1
# --------------------------------------------------
# 
# --------------------------------------------------
# TIME       = 1576000
# MODE       = 1
# CMD        = 11
# OPA        = 50
# OPB        = 20
# CIN        = 0
# INP_VALID  = 11
# CE         = 1
# RST        = 0
# RESULTS:
# RES        = 70
# ERR        = 0
# COUT       = 0
# OFLOW      = 0
# G          = 1
# L          = 0
# E          = 0
# --------------------------------------------------
# 
# --------------------------------------------------
# TIME       = 1596000
# MODE       = 1
# CMD        = 11
# OPA        = 20
# OPB        = 50
# CIN        = 0
# INP_VALID  = 11
# CE         = 1
# RST        = 0
# RESULTS:
# RES        = 70
# ERR        = 0
# COUT       = 0
# OFLOW      = 0
# G          = 0
# L          = 1
# E          = 0
# --------------------------------------------------
# 
# --------------------------------------------------
# TIME       = 1616000
# MODE       = 1
# CMD        = 12
# OPA        = 50
# OPB        = 50
# CIN        = 0
# INP_VALID  = 11
# CE         = 1
# RST        = 0
# RESULTS:
# RES        = 0
# ERR        = 0
# COUT       = 0
# OFLOW      = 0
# G          = 0
# L          = 0
# E          = 1
# --------------------------------------------------
# 
# --------------------------------------------------
# TIME       = 1636000
# MODE       = 1
# CMD        = 12
# OPA        = 20
# OPB        = 50
# CIN        = 0
# INP_VALID  = 11
# CE         = 1
# RST        = 0
# RESULTS:
# RES        = 65506
# ERR        = 0
# COUT       = 0
# OFLOW      = 0
# G          = 0
# L          = 1
# E          = 0
# --------------------------------------------------
# 
# --------------------------------------------------
# TIME       = 1656000
# MODE       = 1
# CMD        = 12
# OPA        = 50
# OPB        = 20
# CIN        = 0
# INP_VALID  = 11
# CE         = 1
# RST        = 0
# RESULTS:
# RES        = 30
# ERR        = 0
# COUT       = 0
# OFLOW      = 0
# G          = 1
# L          = 0
# E          = 0
# --------------------------------------------------
# 
# --------------------------------------------------
# TIME       = 1676000
# MODE       = 1
# CMD        = 11
# OPA        = 127
# OPB        = 1
# CIN        = 0
# INP_VALID  = 11
# CE         = 1
# RST        = 0
# RESULTS:
# RES        = 128
# ERR        = 0
# COUT       = 0
# OFLOW      = 1
# G          = 1
# L          = 0
# E          = 0
# --------------------------------------------------
# 
# --------------------------------------------------
# TIME       = 1696000
# MODE       = 1
# CMD        = 12
# OPA        = 128
# OPB        = 255
# CIN        = 0
# INP_VALID  = 11
# CE         = 1
# RST        = 0
# RESULTS:
# RES        = 65409
# ERR        = 0
# COUT       = 0
# OFLOW      = 0
# G          = 0
# L          = 1
# E          = 0
# --------------------------------------------------
# 
# --------------------------------------------------
# TIME       = 1716000
# MODE       = 1
# CMD        = 0
# OPA        = 10
# OPB        = 10
# CIN        = 0
# INP_VALID  = 00
# CE         = 1
# RST        = 0
# RESULTS:
# RES        = 65409
# ERR        = 1
# COUT       = 0
# OFLOW      = 0
# G          = 0
# L          = 0
# E          = 0
# --------------------------------------------------
# 
# --------------------------------------------------
# TIME       = 1736000
# MODE       = 1
# CMD        = 11
# OPA        = 10
# OPB        = 10
# CIN        = 0
# INP_VALID  = 00
# CE         = 1
# RST        = 0
# RESULTS:
# RES        = 65409
# ERR        = 1
# COUT       = 0
# OFLOW      = 0
# G          = 0
# L          = 0
# E          = 0
# --------------------------------------------------
# 
# --------------------------------------------------
# TIME       = 1756000
# MODE       = 1
# CMD        = 12
# OPA        = 10
# OPB        = 10
# CIN        = 0
# INP_VALID  = 00
# CE         = 1
# RST        = 0
# RESULTS:
# RES        = 65409
# ERR        = 1
# COUT       = 0
# OFLOW      = 0
# G          = 0
# L          = 0
# E          = 0
# --------------------------------------------------
# 
# --------------------------------------------------
# TIME       = 1776000
# MODE       = 0
# CMD        = 12
# OPA        = 128
# OPB        = 7
# CIN        = 0
# INP_VALID  = 11
# CE         = 1
# RST        = 0
# RESULTS:
# RES        = 64
# ERR        = 0
# COUT       = 0
# OFLOW      = 0
# G          = 0
# L          = 0
# E          = 0
# --------------------------------------------------
# 
# --------------------------------------------------
# TIME       = 1796000
# MODE       = 0
# CMD        = 13
# OPA        = 1
# OPB        = 7
# CIN        = 0
# INP_VALID  = 11
# CE         = 1
# RST        = 0
# RESULTS:
# RES        = 2
# ERR        = 0
# COUT       = 0
# OFLOW      = 0
# G          = 0
# L          = 0
# E          = 0
# --------------------------------------------------
# 
# --------------------------------------------------
# TIME       = 1816000
# MODE       = 0
# CMD        = 2
# OPA        = 15
# OPB        = 3
# CIN        = 0
# INP_VALID  = 11
# CE         = 1
# RST        = 0
# RESULTS:
# RES        = 15
# ERR        = 0
# COUT       = 0
# OFLOW      = 0
# G          = 0
# L          = 0
# E          = 0
# --------------------------------------------------
# 
# --------------------------------------------------
# TIME       = 1836000
# MODE       = 1
# CMD        = 2
# OPA        = 15
# OPB        = 3
# CIN        = 0
# INP_VALID  = 11
# CE         = 1
# RST        = 0
# RESULTS:
# RES        = 18
# ERR        = 0
# COUT       = 0
# OFLOW      = 0
# G          = 0
# L          = 0
# E          = 0
# --------------------------------------------------
# 
# --------------------------------------------------
# TIME       = 1846000
# MODE       = 1
# CMD        = 11
# OPA        = 10
# OPB        = 10
# CIN        = 0
# INP_VALID  = 11
# CE         = 1
# RST        = 0
# RESULTS:
# RES        = 20
# ERR        = 0
# COUT       = 0
# OFLOW      = 0
# G          = 0
# L          = 0
# E          = 1
# --------------------------------------------------
# 
# --------------------------------------------------
# TIME       = 1856000
# MODE       = 1
# CMD        = 11
# OPA        = 20
# OPB        = 10
# CIN        = 0
# INP_VALID  = 11
# CE         = 1
# RST        = 0
# RESULTS:
# RES        = 30
# ERR        = 0
# COUT       = 0
# OFLOW      = 0
# G          = 1
# L          = 0
# E          = 0
# --------------------------------------------------
# 
# --------------------------------------------------
# TIME       = 1866000
# MODE       = 1
# CMD        = 11
# OPA        = 10
# OPB        = 20
# CIN        = 0
# INP_VALID  = 11
# CE         = 1
# RST        = 0
# RESULTS:
# RES        = 30
# ERR        = 0
# COUT       = 0
# OFLOW      = 0
# G          = 0
# L          = 1
# E          = 0
# --------------------------------------------------
# 
# --------------------------------------------------
# TIME       = 1876000
# MODE       = 1
# CMD        = 11
# OPA        = 10
# OPB        = 10
# CIN        = 0
# INP_VALID  = 11
# CE         = 1
# RST        = 0
# RESULTS:
# RES        = 20
# ERR        = 0
# COUT       = 0
# OFLOW      = 0
# G          = 0
# L          = 0
# E          = 1
# --------------------------------------------------
# 
# --------------------------------------------------
# TIME       = 1886000
# MODE       = 1
# CMD        = 11
# OPA        = 120
# OPB        = 10
# CIN        = 0
# INP_VALID  = 11
# CE         = 1
# RST        = 0
# RESULTS:
# RES        = 130
# ERR        = 0
# COUT       = 0
# OFLOW      = 0
# G          = 1
# L          = 0
# E          = 0
# --------------------------------------------------
# 
# --------------------------------------------------
# TIME       = 1896000
# MODE       = 1
# CMD        = 11
# OPA        = 130
# OPB        = 130
# CIN        = 0
# INP_VALID  = 11
# CE         = 1
# RST        = 0
# RESULTS:
# RES        = 65284
# ERR        = 0
# COUT       = 0
# OFLOW      = 0
# G          = 0
# L          = 0
# E          = 1
# --------------------------------------------------
# 
# --------------------------------------------------
# TIME       = 1906000
# MODE       = 1
# CMD        = 12
# OPA        = 250
# OPB        = 10
# CIN        = 0
# INP_VALID  = 11
# CE         = 1
# RST        = 0
# RESULTS:
# RES        = 65520
# ERR        = 0
# COUT       = 0
# OFLOW      = 1
# G          = 0
# L          = 1
# E          = 0
# --------------------------------------------------
# 
# --------------------------------------------------
# TIME       = 1916000
# MODE       = 1
# CMD        = 12
# OPA        = 10
# OPB        = 250
# CIN        = 0
# INP_VALID  = 11
# CE         = 1
# RST        = 0
# RESULTS:
# RES        = 16
# ERR        = 0
# COUT       = 0
# OFLOW      = 1
# G          = 1
# L          = 0
# E          = 0
# --------------------------------------------------
# 
# --------------------------------------------------
# TIME       = 1926000
# MODE       = 1
# CMD        = 0
# OPA        = 10
# OPB        = 20
# CIN        = 0
# INP_VALID  = 01
# CE         = 1
# RST        = 0
# RESULTS:
# RES        = 16
# ERR        = 1
# COUT       = 0
# OFLOW      = 0
# G          = 0
# L          = 0
# E          = 0
# --------------------------------------------------
# 
# --------------------------------------------------
# TIME       = 1936000
# MODE       = 1
# CMD        = 2
# OPA        = 10
# OPB        = 20
# CIN        = 0
# INP_VALID  = 10
# CE         = 1
# RST        = 0
# RESULTS:
# RES        = 16
# ERR        = 1
# COUT       = 0
# OFLOW      = 0
# G          = 0
# L          = 0
# E          = 0
# --------------------------------------------------
# 
# --------------------------------------------------
# TIME       = 1946000
# MODE       = 1
# CMD        = 11
# OPA        = 10
# OPB        = 20
# CIN        = 0
# INP_VALID  = 00
# CE         = 1
# RST        = 0
# RESULTS:
# RES        = 16
# ERR        = 1
# COUT       = 0
# OFLOW      = 0
# G          = 0
# L          = 0
# E          = 0
# --------------------------------------------------
# 
# --------------------------------------------------
# TIME       = 1956000
# MODE       = 1
# CMD        = 12
# OPA        = 10
# OPB        = 20
# CIN        = 0
# INP_VALID  = 00
# CE         = 1
# RST        = 0
# RESULTS:
# RES        = 16
# ERR        = 1
# COUT       = 0
# OFLOW      = 0
# G          = 0
# L          = 0
# E          = 0
# --------------------------------------------------
# 
# --------------------------------------------------
# TIME       = 1966000
# MODE       = 0
# CMD        = 12
# OPA        = 170
# OPB        = 12
# CIN        = 0
# INP_VALID  = 11
# CE         = 1
# RST        = 0
# RESULTS:
# RES        = 170
# ERR        = 0
# COUT       = 0
# OFLOW      = 0
# G          = 0
# L          = 0
# E          = 0
# --------------------------------------------------
# 
# --------------------------------------------------
# TIME       = 1976000
# MODE       = 0
# CMD        = 13
# OPA        = 170
# OPB        = 15
# CIN        = 0
# INP_VALID  = 11
# CE         = 1
# RST        = 0
# RESULTS:
# RES        = 85
# ERR        = 0
# COUT       = 0
# OFLOW      = 0
# G          = 0
# L          = 0
# E          = 0
# --------------------------------------------------
# 
# --------------------------------------------------
# TIME       = 1986000
# MODE       = 0
# CMD        = 0
# OPA        = 55
# OPB        = 22
# CIN        = 0
# INP_VALID  = 11
# CE         = 1
# RST        = 0
# RESULTS:
# RES        = 22
# ERR        = 0
# COUT       = 0
# OFLOW      = 0
# G          = 0
# L          = 0
# E          = 0
# --------------------------------------------------
# 
# --------------------------------------------------
# TIME       = 1996000
# MODE       = 0
# CMD        = 1
# OPA        = 55
# OPB        = 22
# CIN        = 0
# INP_VALID  = 11
# CE         = 1
# RST        = 0
# RESULTS:
# RES        = 65513
# ERR        = 0
# COUT       = 0
# OFLOW      = 0
# G          = 0
# L          = 0
# E          = 0
# --------------------------------------------------
# 
# --------------------------------------------------
# TIME       = 2006000
# MODE       = 0
# CMD        = 2
# OPA        = 55
# OPB        = 22
# CIN        = 0
# INP_VALID  = 11
# CE         = 1
# RST        = 0
# RESULTS:
# RES        = 55
# ERR        = 0
# COUT       = 0
# OFLOW      = 0
# G          = 0
# L          = 0
# E          = 0
# --------------------------------------------------
# 
# --------------------------------------------------
# TIME       = 2016000
# MODE       = 0
# CMD        = 3
# OPA        = 55
# OPB        = 22
# CIN        = 0
# INP_VALID  = 11
# CE         = 1
# RST        = 0
# RESULTS:
# RES        = 65480
# ERR        = 0
# COUT       = 0
# OFLOW      = 0
# G          = 0
# L          = 0
# E          = 0
# --------------------------------------------------
# 
# --------------------------------------------------
# TIME       = 2026000
# MODE       = 0
# CMD        = 4
# OPA        = 55
# OPB        = 22
# CIN        = 0
# INP_VALID  = 11
# CE         = 1
# RST        = 0
# RESULTS:
# RES        = 33
# ERR        = 0
# COUT       = 0
# OFLOW      = 0
# G          = 0
# L          = 0
# E          = 0
# --------------------------------------------------
# 
# --------------------------------------------------
# TIME       = 2036000
# MODE       = 0
# CMD        = 5
# OPA        = 55
# OPB        = 22
# CIN        = 0
# INP_VALID  = 11
# CE         = 1
# RST        = 0
# RESULTS:
# RES        = 65502
# ERR        = 0
# COUT       = 0
# OFLOW      = 0
# G          = 0
# L          = 0
# E          = 0
# --------------------------------------------------
# 
# --------------------------------------------------
# TIME       = 2046000
# MODE       = 0
# CMD        = 6
# OPA        = 55
# OPB        = 22
# CIN        = 0
# INP_VALID  = 11
# CE         = 1
# RST        = 0
# RESULTS:
# RES        = 65480
# ERR        = 0
# COUT       = 0
# OFLOW      = 0
# G          = 0
# L          = 0
# E          = 0
# --------------------------------------------------
# 
# --------------------------------------------------
# TIME       = 2056000
# MODE       = 0
# CMD        = 7
# OPA        = 55
# OPB        = 22
# CIN        = 0
# INP_VALID  = 11
# CE         = 1
# RST        = 0
# RESULTS:
# RES        = 65513
# ERR        = 0
# COUT       = 0
# OFLOW      = 0
# G          = 0
# L          = 0
# E          = 0
# --------------------------------------------------
# 
# --------------------------------------------------
# TIME       = 2066000
# MODE       = 0
# CMD        = 8
# OPA        = 55
# OPB        = 22
# CIN        = 0
# INP_VALID  = 11
# CE         = 1
# RST        = 0
# RESULTS:
# RES        = 27
# ERR        = 0
# COUT       = 0
# OFLOW      = 0
# G          = 0
# L          = 0
# E          = 0
# --------------------------------------------------
# 
# --------------------------------------------------
# TIME       = 2076000
# MODE       = 0
# CMD        = 9
# OPA        = 55
# OPB        = 22
# CIN        = 0
# INP_VALID  = 11
# CE         = 1
# RST        = 0
# RESULTS:
# RES        = 110
# ERR        = 0
# COUT       = 0
# OFLOW      = 0
# G          = 0
# L          = 0
# E          = 0
# --------------------------------------------------
# 
# --------------------------------------------------
# TIME       = 2086000
# MODE       = 0
# CMD        = 10
# OPA        = 55
# OPB        = 22
# CIN        = 0
# INP_VALID  = 11
# CE         = 1
# RST        = 0
# RESULTS:
# RES        = 11
# ERR        = 0
# COUT       = 0
# OFLOW      = 0
# G          = 0
# L          = 0
# E          = 0
# --------------------------------------------------
# 
# --------------------------------------------------
# TIME       = 2096000
# MODE       = 0
# CMD        = 11
# OPA        = 55
# OPB        = 22
# CIN        = 0
# INP_VALID  = 11
# CE         = 1
# RST        = 0
# RESULTS:
# RES        = 44
# ERR        = 0
# COUT       = 0
# OFLOW      = 0
# G          = 0
# L          = 0
# E          = 0
# --------------------------------------------------
# 
# --------------------------------------------------
# TIME       = 2106000
# MODE       = 0
# CMD        = 12
# OPA        = 204
# OPB        = 16
# CIN        = 0
# INP_VALID  = 11
# CE         = 1
# RST        = 0
# RESULTS:
# RES        = 204
# ERR        = 1
# COUT       = 0
# OFLOW      = 0
# G          = 0
# L          = 0
# E          = 0
# --------------------------------------------------
# 
# --------------------------------------------------
# TIME       = 2116000
# MODE       = 0
# CMD        = 13
# OPA        = 204
# OPB        = 16
# CIN        = 0
# INP_VALID  = 11
# CE         = 1
# RST        = 0
# RESULTS:
# RES        = 204
# ERR        = 1
# COUT       = 0
# OFLOW      = 0
# G          = 0
# L          = 0
# E          = 0
# --------------------------------------------------
# 
# --------------------------------------------------
# TIME       = 2126000
# MODE       = 0
# CMD        = 12
# OPA        = 204
# OPB        = 3
# CIN        = 0
# INP_VALID  = 11
# CE         = 1
# RST        = 0
# RESULTS:
# RES        = 102
# ERR        = 0
# COUT       = 0
# OFLOW      = 0
# G          = 0
# L          = 0
# E          = 0
# --------------------------------------------------
# 
# --------------------------------------------------
# TIME       = 2136000
# MODE       = 0
# CMD        = 13
# OPA        = 204
# OPB        = 3
# CIN        = 0
# INP_VALID  = 11
# CE         = 1
# RST        = 0
# RESULTS:
# RES        = 153
# ERR        = 0
# COUT       = 0
# OFLOW      = 0
# G          = 0
# L          = 0
# E          = 0
# --------------------------------------------------
# 
# --------------------------------------------------
# TIME       = 2166000
# MODE       = 1
# CMD        = 9
# OPA        = 5
# OPB        = 4
# CIN        = 0
# INP_VALID  = 11
# CE         = 1
# RST        = 0
# RESULTS:
# RES        = 30
# ERR        = 0
# COUT       = 0
# OFLOW      = 0
# G          = 0
# L          = 0
# E          = 0
# --------------------------------------------------
# 
# --------------------------------------------------
# TIME       = 2196000
# MODE       = 1
# CMD        = 10
# OPA        = 10
# OPB        = 3
# CIN        = 0
# INP_VALID  = 11
# CE         = 1
# RST        = 0
# RESULTS:
# RES        = 60
# ERR        = 0
# COUT       = 0
# OFLOW      = 0
# G          = 0
# L          = 0
# E          = 0
# --------------------------------------------------
# 
# --------------------------------------------------
# TIME       = 2216000
# MODE       = 0
# CMD        = 1
# OPA        = 170
# OPB        = 240
# CIN        = 0
# INP_VALID  = 11
# CE         = 1
# RST        = 0
# RESULTS:
# RES        = 65375
# ERR        = 0
# COUT       = 0
# OFLOW      = 0
# G          = 0
# L          = 0
# E          = 0
# --------------------------------------------------
# 
# --------------------------------------------------
# TIME       = 2236000
# MODE       = 1
# CMD        = 11
# OPA        = 120
# OPB        = 10
# CIN        = 0
# INP_VALID  = 11
# CE         = 1
# RST        = 0
# RESULTS:
# RES        = 130
# ERR        = 0
# COUT       = 0
# OFLOW      = 1
# G          = 1
# L          = 0
# E          = 0
# --------------------------------------------------
# 
# --------------------------------------------------
# TIME       = 2256000
# MODE       = 1
# CMD        = 12
# OPA        = 120
# OPB        = 129
# CIN        = 0
# INP_VALID  = 11
# CE         = 1
# RST        = 0
# RESULTS:
# RES        = 247
# ERR        = 0
# COUT       = 0
# OFLOW      = 1
# G          = 1
# L          = 0
# E          = 0
# --------------------------------------------------
# 
# --------------------------------------------------
# TIME       = 2276000
# MODE       = 1
# CMD        = 11
# OPA        = 10
# OPB        = 10
# CIN        = 0
# INP_VALID  = 01
# CE         = 1
# RST        = 0
# RESULTS:
# RES        = 247
# ERR        = 1
# COUT       = 0
# OFLOW      = 0
# G          = 0
# L          = 0
# E          = 0
# --------------------------------------------------
# 
# --------------------------------------------------
# TIME       = 2296000
# MODE       = 1
# CMD        = 12
# OPA        = 10
# OPB        = 10
# CIN        = 0
# INP_VALID  = 10
# CE         = 1
# RST        = 0
# RESULTS:
# RES        = 247
# ERR        = 1
# COUT       = 0
# OFLOW      = 0
# G          = 0
# L          = 0
# E          = 0
# --------------------------------------------------
# 
# --------------------------------------------------
# TIME       = 2316000
# MODE       = 1
# CMD        = 11
# OPA        = 64
# OPB        = 64
# CIN        = 0
# INP_VALID  = 11
# CE         = 1
# RST        = 0
# RESULTS:
# RES        = 128
# ERR        = 0
# COUT       = 0
# OFLOW      = 1
# G          = 0
# L          = 0
# E          = 1
# --------------------------------------------------
# 
# --------------------------------------------------
# TIME       = 2336000
# MODE       = 1
# CMD        = 12
# OPA        = 192
# OPB        = 64
# CIN        = 0
# INP_VALID  = 11
# CE         = 1
# RST        = 0
# RESULTS:
# RES        = 65408
# ERR        = 0
# COUT       = 0
# OFLOW      = 0
# G          = 0
# L          = 1
# E          = 0
# --------------------------------------------------
# 
# --------------------------------------------------
# TIME       = 2366000
# MODE       = 1
# CMD        = 9
# OPA        = 5
# OPB        = 4
# CIN        = 0
# INP_VALID  = 11
# CE         = 1
# RST        = 0
# RESULTS:
# RES        = 30
# ERR        = 0
# COUT       = 0
# OFLOW      = 0
# G          = 0
# L          = 0
# E          = 0
# --------------------------------------------------
# 
# --------------------------------------------------
# TIME       = 2396000
# MODE       = 1
# CMD        = 10
# OPA        = 10
# OPB        = 3
# CIN        = 0
# INP_VALID  = 11
# CE         = 1
# RST        = 0
# RESULTS:
# RES        = 60
# ERR        = 0
# COUT       = 0
# OFLOW      = 0
# G          = 0
# L          = 0
# E          = 0
# --------------------------------------------------
# 
# --------------------------------------------------
# TIME       = 2416000
# MODE       = 0
# CMD        = 1
# OPA        = 170
# OPB        = 240
# CIN        = 0
# INP_VALID  = 11
# CE         = 0
# RST        = 0
# RESULTS:
# RES        = 60
# ERR        = 0
# COUT       = 0
# OFLOW      = 0
# G          = 0
# L          = 0
# E          = 0
# --------------------------------------------------
# 
# --------------------------------------------------
# TIME       = 2436000
# MODE       = 1
# CMD        = 11
# OPA        = 120
# OPB        = 10
# CIN        = 0
# INP_VALID  = 11
# CE         = 1
# RST        = 0
# RESULTS:
# RES        = 130
# ERR        = 0
# COUT       = 0
# OFLOW      = 1
# G          = 1
# L          = 0
# E          = 0
# --------------------------------------------------
# 
# --------------------------------------------------
# TIME       = 2456000
# MODE       = 1
# CMD        = 12
# OPA        = 136
# OPB        = 10
# CIN        = 0
# INP_VALID  = 11
# CE         = 1
# RST        = 0
# RESULTS:
# RES        = 65406
# ERR        = 0
# COUT       = 0
# OFLOW      = 1
# G          = 0
# L          = 1
# E          = 0
# --------------------------------------------------
# 
# --------------------------------------------------
# TIME       = 2476000
# MODE       = 1
# CMD        = 11
# OPA        = 10
# OPB        = 10
# CIN        = 0
# INP_VALID  = 01
# CE         = 1
# RST        = 0
# RESULTS:
# RES        = 65406
# ERR        = 1
# COUT       = 0
# OFLOW      = 0
# G          = 0
# L          = 0
# E          = 0
# --------------------------------------------------
# 
# --------------------------------------------------
# TIME       = 2496000
# MODE       = 1
# CMD        = 12
# OPA        = 10
# OPB        = 10
# CIN        = 0
# INP_VALID  = 10
# CE         = 1
# RST        = 0
# RESULTS:
# RES        = 65406
# ERR        = 1
# COUT       = 0
# OFLOW      = 0
# G          = 0
# L          = 0
# E          = 0
# --------------------------------------------------
# 
# --------------------------------------------------
# TIME       = 2516000
# MODE       = 1
# CMD        = 11
# OPA        = 64
# OPB        = 64
# CIN        = 0
# INP_VALID  = 11
# CE         = 1
# RST        = 0
# RESULTS:
# RES        = 128
# ERR        = 0
# COUT       = 0
# OFLOW      = 1
# G          = 0
# L          = 0
# E          = 1
# --------------------------------------------------
# 
# --------------------------------------------------
# TIME       = 2536000
# MODE       = 1
# CMD        = 12
# OPA        = 192
# OPB        = 64
# CIN        = 0
# INP_VALID  = 11
# CE         = 1
# RST        = 0
# RESULTS:
# RES        = 65408
# ERR        = 0
# COUT       = 0
# OFLOW      = 0
# G          = 0
# L          = 1
# E          = 0
# --------------------------------------------------
# 
# --------------------------------------------------
# TIME       = 2556000
# MODE       = 1
# CMD        = 13
# OPA        = 10
# OPB        = 10
# CIN        = 0
# INP_VALID  = 11
# CE         = 1
# RST        = 0
# RESULTS:
# RES        = 65408
# ERR        = 0
# COUT       = 0
# OFLOW      = 0
# G          = 0
# L          = 0
# E          = 0
# --------------------------------------------------
# 
# --------------------------------------------------
# TIME       = 2576000
# MODE       = 1
# CMD        = 8
# OPA        = 10
# OPB        = 5
# CIN        = 0
# INP_VALID  = 11
# CE         = 1
# RST        = 0
# RESULTS:
# RES        = 65408
# ERR        = 0
# COUT       = 0
# OFLOW      = 0
# G          = 1
# L          = 0
# E          = 0
# --------------------------------------------------
# 
# --------------------------------------------------
# TIME       = 2596000
# MODE       = 1
# CMD        = 8
# OPA        = 5
# OPB        = 5
# CIN        = 0
# INP_VALID  = 11
# CE         = 1
# RST        = 0
# RESULTS:
# RES        = 65408
# ERR        = 0
# COUT       = 0
# OFLOW      = 0
# G          = 0
# L          = 0
# E          = 1
# --------------------------------------------------
# 
# --------------------------------------------------
# TIME       = 2616000
# MODE       = 1
# CMD        = 0
# OPA        = 10
# OPB        = 10
# CIN        = 0
# INP_VALID  = 01
# CE         = 1
# RST        = 0
# RESULTS:
# RES        = 65408
# ERR        = 1
# COUT       = 0
# OFLOW      = 0
# G          = 0
# L          = 0
# E          = 0
# --------------------------------------------------
# 
# --------------------------------------------------
# TIME       = 2636000
# MODE       = 1
# CMD        = 1
# OPA        = 10
# OPB        = 10
# CIN        = 0
# INP_VALID  = 10
# CE         = 1
# RST        = 0
# RESULTS:
# RES        = 65408
# ERR        = 1
# COUT       = 0
# OFLOW      = 0
# G          = 0
# L          = 0
# E          = 0
# --------------------------------------------------
# 
# --------------------------------------------------
# TIME       = 2656000
# MODE       = 1
# CMD        = 9
# OPA        = 10
# OPB        = 10
# CIN        = 0
# INP_VALID  = 00
# CE         = 1
# RST        = 0
# RESULTS:
# RES        = 65408
# ERR        = 1
# COUT       = 0
# OFLOW      = 0
# G          = 0
# L          = 0
# E          = 0
# --------------------------------------------------
# 
# --------------------------------------------------
# TIME       = 2676000
# MODE       = 1
# CMD        = 13
# OPA        = 10
# OPB        = 10
# CIN        = 0
# INP_VALID  = 11
# CE         = 1
# RST        = 0
# RESULTS:
# RES        = 65408
# ERR        = 0
# COUT       = 0
# OFLOW      = 0
# G          = 0
# L          = 0
# E          = 0
# --------------------------------------------------
# 
# --------------------------------------------------
# TIME       = 2696000
# MODE       = 1
# CMD        = 14
# OPA        = 10
# OPB        = 10
# CIN        = 0
# INP_VALID  = 11
# CE         = 1
# RST        = 0
# RESULTS:
# RES        = 65408
# ERR        = 0
# COUT       = 0
# OFLOW      = 0
# G          = 0
# L          = 0
# E          = 0
# --------------------------------------------------
# 
# --------------------------------------------------
# TIME       = 2716000
# MODE       = 1
# CMD        = 15
# OPA        = 10
# OPB        = 10
# CIN        = 0
# INP_VALID  = 11
# CE         = 1
# RST        = 0
# RESULTS:
# RES        = 65408
# ERR        = 0
# COUT       = 0
# OFLOW      = 0
# G          = 0
# L          = 0
# E          = 0
# --------------------------------------------------
# 
# --------------------------------------------------
# TIME       = 2736000
# MODE       = 1
# CMD        = 0
# OPA        = 10
# OPB        = 10
# CIN        = 0
# INP_VALID  = 00
# CE         = 1
# RST        = 0
# RESULTS:
# RES        = 65408
# ERR        = 1
# COUT       = 0
# OFLOW      = 0
# G          = 0
# L          = 0
# E          = 0
# --------------------------------------------------
# 
# --------------------------------------------------
# TIME       = 2756000
# MODE       = 0
# CMD        = 14
# OPA        = 10
# OPB        = 10
# CIN        = 0
# INP_VALID  = 11
# CE         = 1
# RST        = 0
# RESULTS:
# RES        = 65408
# ERR        = 0
# COUT       = 0
# OFLOW      = 0
# G          = 0
# L          = 0
# E          = 0
# --------------------------------------------------
# 
# --------------------------------------------------
# TIME       = 2776000
# MODE       = 0
# CMD        = 0
# OPA        = 10
# OPB        = 10
# CIN        = 0
# INP_VALID  = 00
# CE         = 1
# RST        = 0
# RESULTS:
# RES        = 65408
# ERR        = 1
# COUT       = 0
# OFLOW      = 0
# G          = 0
# L          = 0
# E          = 0
# --------------------------------------------------
# 
# --------------------------------------------------
# TIME       = 2796000
# MODE       = 1
# CMD        = 0
# OPA        = 10
# OPB        = 10
# CIN        = 0
# INP_VALID  = 00
# CE         = 1
# RST        = 0
# RESULTS:
# RES        = 65408
# ERR        = 1
# COUT       = 0
# OFLOW      = 0
# G          = 0
# L          = 0
# E          = 0
# --------------------------------------------------
# 
# --------------------------------------------------
# TIME       = 2816000
# MODE       = 1
# CMD        = 11
# OPA        = 10
# OPB        = 246
# CIN        = 0
# INP_VALID  = 11
# CE         = 1
# RST        = 0
# RESULTS:
# RES        = 0
# ERR        = 0
# COUT       = 0
# OFLOW      = 0
# G          = 1
# L          = 0
# E          = 0
# --------------------------------------------------
# 
# --------------------------------------------------
# TIME       = 2846000
# MODE       = 1
# CMD        = 9
# OPA        = 193
# OPB        = 248
# CIN        = 0
# INP_VALID  = 11
# CE         = 1
# RST        = 0
# RESULTS:
# RES        = 48306
# ERR        = 0
# COUT       = 0
# OFLOW      = 0
# G          = 0
# L          = 0
# E          = 0
# --------------------------------------------------
# 
# --------------------------------------------------
# TIME       = 2876000
# MODE       = 1
# CMD        = 9
# OPA        = 0
# OPB        = 0
# CIN        = 0
# INP_VALID  = 11
# CE         = 1
# RST        = 0
# RESULTS:
# RES        = 1
# ERR        = 0
# COUT       = 0
# OFLOW      = 0
# G          = 0
# L          = 0
# E          = 0
# --------------------------------------------------
# 
# --------------------------------------------------
# TIME       = 2896000
# MODE       = 1
# CMD        = 1
# OPA        = 10
# OPB        = 10
# CIN        = 0
# INP_VALID  = 00
# CE         = 1
# RST        = 0
# RESULTS:
# RES        = 1
# ERR        = 1
# COUT       = 0
# OFLOW      = 0
# G          = 0
# L          = 0
# E          = 0
# --------------------------------------------------
# 
# --------------------------------------------------
# TIME       = 2916000
# MODE       = 1
# CMD        = 2
# OPA        = 0
# OPB        = 0
# CIN        = 0
# INP_VALID  = 01
# CE         = 1
# RST        = 0
# RESULTS:
# RES        = 1
# ERR        = 1
# COUT       = 0
# OFLOW      = 0
# G          = 0
# L          = 0
# E          = 0
# --------------------------------------------------
# 
# --------------------------------------------------
# TIME       = 2936000
# MODE       = 1
# CMD        = 3
# OPA        = 0
# OPB        = 0
# CIN        = 0
# INP_VALID  = 10
# CE         = 1
# RST        = 0
# RESULTS:
# RES        = 1
# ERR        = 1
# COUT       = 0
# OFLOW      = 0
# G          = 0
# L          = 0
# E          = 0
# --------------------------------------------------
# 
# --------------------------------------------------
# TIME       = 2956000
# MODE       = 1
# CMD        = 4
# OPA        = 0
# OPB        = 0
# CIN        = 0
# INP_VALID  = 00
# CE         = 1
# RST        = 0
# RESULTS:
# RES        = 1
# ERR        = 1
# COUT       = 0
# OFLOW      = 0
# G          = 0
# L          = 0
# E          = 0
# --------------------------------------------------
# 
# ** Note: $finish    : alu_tb.v(638)
#    Time: 2956 ns  Iteration: 0  Instance: /tb_alu
# Saving coverage database on exit...
# End time: 21:08:51 on May 11,2026, Elapsed time: 0:00:03
# Errors: 0, Warnings: 0
